<?xml version="1.0" encoding="UTF-8"?>
<!-- Generated by org.testng.reporters.JUnitReportReporter -->
<testsuite hostname="DESKTOP-F9V4Q9L" failures="0" tests="1" name="vTigerPracticeGihub.Practice" time="0.030" errors="0" timestamp="2022-12-09T02:58:31 IST" skipped="0">
  <testcase classname="vTigerPracticeGihub.Practice" name="printSomething" time="0.030"/>
  <system-out>
    <![CDATA[JayBhim]]>
  </system-out>
</testsuite> <!-- vTigerPracticeGihub.Practice -->
