<?xml version="1.0" encoding="UTF-8"?>
<!-- Generated by org.testng.reporters.JUnitReportReporter -->
<testsuite hostname="DESKTOP-F9V4Q9L" failures="0" tests="2" name="vTigerPracticeGihub.Practice" time="0.018" errors="0" timestamp="2022-12-09T03:50:30 IST" skipped="0">
  <testcase classname="vTigerPracticeGihub.Practice" name="printSomething" time="0.015"/>
  <system-out>
    <![CDATA[JayBhim]]>
  </system-out>
  <testcase classname="vTigerPracticeGihub.Practice" name="printSomeThingElse" time="0.003"/>
  <system-out/>
</testsuite> <!-- vTigerPracticeGihub.Practice -->
